{"C:\\Users\\Oreak\\Documents\\fundamentals-cohort1-submissions\\Oreak22\\week-7\\backend\\src\\app.ts": {"path":"C:\\Users\\Oreak\\Documents\\fundamentals-cohort1-submissions\\Oreak22\\week-7\\backend\\src\\app.ts","statementMap":{"0":{"start":{"line":1,"column":0},"end":{"line":1,"column":30}},"1":{"start":{"line":2,"column":0},"end":{"line":2,"column":24}},"2":{"start":{"line":3,"column":0},"end":{"line":3,"column":47}},"3":{"start":{"line":4,"column":0},"end":{"line":4,"column":55}},"4":{"start":{"line":5,"column":0},"end":{"line":5,"column":51}},"5":{"start":{"line":7,"column":12},"end":{"line":7,"column":21}},"6":{"start":{"line":8,"column":0},"end":{"line":8,"column":24}},"7":{"start":{"line":9,"column":0},"end":{"line":9,"column":16}},"8":{"start":{"line":11,"column":0},"end":{"line":11,"column":29}},"9":{"start":{"line":12,"column":0},"end":{"line":12,"column":37}},"10":{"start":{"line":13,"column":0},"end":{"line":13,"column":33}},"11":{"start":{"line":15,"column":0},"end":{"line":15,"column":51}},"12":{"start":{"line":15,"column":27},"end":{"line":15,"column":49}},"13":{"start":{"line":17,"column":0},"end":{"line":17,"column":19}}},"fnMap":{"0":{"name":"(anonymous_1)","decl":{"start":{"line":15,"column":13},"end":{"line":15,"column":14}},"loc":{"start":{"line":15,"column":27},"end":{"line":15,"column":49}}}},"branchMap":{},"s":{"0":4,"1":4,"2":4,"3":4,"4":4,"5":4,"6":4,"7":4,"8":4,"9":4,"10":4,"11":4,"12":0,"13":4},"f":{"0":0},"b":{}}
,"C:\\Users\\Oreak\\Documents\\fundamentals-cohort1-submissions\\Oreak22\\week-7\\backend\\src\\controllers\\auth\\auth.controller.ts": {"path":"C:\\Users\\Oreak\\Documents\\fundamentals-cohort1-submissions\\Oreak22\\week-7\\backend\\src\\controllers\\auth\\auth.controller.ts","statementMap":{"0":{"start":{"line":2,"column":0},"end":{"line":2,"column":42}},"1":{"start":{"line":4,"column":24},"end":{"line":14,"column":1}},"2":{"start":{"line":5,"column":2},"end":{"line":13,"column":3}},"3":{"start":{"line":6,"column":32},"end":{"line":6,"column":40}},"4":{"start":{"line":7,"column":28},"end":{"line":7,"column":71}},"5":{"start":{"line":8,"column":4},"end":{"line":10,"column":66}},"6":{"start":{"line":12,"column":4},"end":{"line":12,"column":58}},"7":{"start":{"line":4,"column":13},"end":{"line":4,"column":24}},"8":{"start":{"line":16,"column":21},"end":{"line":24,"column":1}},"9":{"start":{"line":17,"column":2},"end":{"line":23,"column":3}},"10":{"start":{"line":18,"column":32},"end":{"line":18,"column":40}},"11":{"start":{"line":19,"column":28},"end":{"line":19,"column":68}},"12":{"start":{"line":20,"column":4},"end":{"line":20,"column":74}},"13":{"start":{"line":22,"column":4},"end":{"line":22,"column":58}},"14":{"start":{"line":16,"column":13},"end":{"line":16,"column":21}}},"fnMap":{"0":{"name":"(anonymous_9)","decl":{"start":{"line":4,"column":24},"end":{"line":4,"column":29}},"loc":{"start":{"line":4,"column":62},"end":{"line":14,"column":1}}},"1":{"name":"(anonymous_10)","decl":{"start":{"line":16,"column":21},"end":{"line":16,"column":26}},"loc":{"start":{"line":16,"column":59},"end":{"line":24,"column":1}}}},"branchMap":{},"s":{"0":4,"1":4,"2":2,"3":2,"4":2,"5":2,"6":0,"7":4,"8":4,"9":0,"10":0,"11":0,"12":0,"13":0,"14":4},"f":{"0":2,"1":0},"b":{}}
,"C:\\Users\\Oreak\\Documents\\fundamentals-cohort1-submissions\\Oreak22\\week-7\\backend\\src\\controllers\\auth\\auth.service.ts": {"path":"C:\\Users\\Oreak\\Documents\\fundamentals-cohort1-submissions\\Oreak22\\week-7\\backend\\src\\controllers\\auth\\auth.service.ts","statementMap":{"0":{"start":{"line":1,"column":0},"end":{"line":1,"column":30}},"1":{"start":{"line":2,"column":0},"end":{"line":2,"column":31}},"2":{"start":{"line":3,"column":0},"end":{"line":3,"column":43}},"3":{"start":{"line":5,"column":19},"end":{"line":5,"column":58}},"4":{"start":{"line":7,"column":28},"end":{"line":9,"column":1}},"5":{"start":{"line":8,"column":2},"end":{"line":8,"column":35}},"6":{"start":{"line":7,"column":13},"end":{"line":7,"column":28}},"7":{"start":{"line":11,"column":31},"end":{"line":13,"column":1}},"8":{"start":{"line":12,"column":2},"end":{"line":12,"column":40}},"9":{"start":{"line":11,"column":13},"end":{"line":11,"column":31}},"10":{"start":{"line":15,"column":28},"end":{"line":24,"column":1}},"11":{"start":{"line":16,"column":19},"end":{"line":16,"column":48}},"12":{"start":{"line":17,"column":2},"end":{"line":17,"column":56}},"13":{"start":{"line":17,"column":16},"end":{"line":17,"column":56}},"14":{"start":{"line":18,"column":17},"end":{"line":18,"column":45}},"15":{"start":{"line":19,"column":15},"end":{"line":19,"column":61}},"16":{"start":{"line":20,"column":16},"end":{"line":22,"column":4}},"17":{"start":{"line":23,"column":2},"end":{"line":23,"column":25}},"18":{"start":{"line":15,"column":13},"end":{"line":15,"column":28}},"19":{"start":{"line":26,"column":25},"end":{"line":35,"column":1}},"20":{"start":{"line":27,"column":15},"end":{"line":27,"column":44}},"21":{"start":{"line":28,"column":2},"end":{"line":28,"column":52}},"22":{"start":{"line":28,"column":13},"end":{"line":28,"column":52}},"23":{"start":{"line":29,"column":13},"end":{"line":29,"column":59}},"24":{"start":{"line":30,"column":2},"end":{"line":30,"column":50}},"25":{"start":{"line":30,"column":11},"end":{"line":30,"column":50}},"26":{"start":{"line":31,"column":16},"end":{"line":33,"column":4}},"27":{"start":{"line":34,"column":2},"end":{"line":34,"column":25}},"28":{"start":{"line":26,"column":13},"end":{"line":26,"column":25}}},"fnMap":{"0":{"name":"(anonymous_1)","decl":{"start":{"line":7,"column":28},"end":{"line":7,"column":33}},"loc":{"start":{"line":7,"column":55},"end":{"line":9,"column":1}}},"1":{"name":"(anonymous_2)","decl":{"start":{"line":11,"column":31},"end":{"line":11,"column":36}},"loc":{"start":{"line":11,"column":72},"end":{"line":13,"column":1}}},"2":{"name":"(anonymous_3)","decl":{"start":{"line":15,"column":28},"end":{"line":15,"column":33}},"loc":{"start":{"line":15,"column":70},"end":{"line":24,"column":1}}},"3":{"name":"(anonymous_4)","decl":{"start":{"line":26,"column":25},"end":{"line":26,"column":30}},"loc":{"start":{"line":26,"column":67},"end":{"line":35,"column":1}}}},"branchMap":{"0":{"loc":{"start":{"line":5,"column":19},"end":{"line":5,"column":58}},"type":"binary-expr","locations":[{"start":{"line":5,"column":19},"end":{"line":5,"column":41}},{"start":{"line":5,"column":45},"end":{"line":5,"column":58}}]},"1":{"loc":{"start":{"line":17,"column":2},"end":{"line":17,"column":56}},"type":"if","locations":[{"start":{"line":17,"column":2},"end":{"line":17,"column":56}},{"start":{},"end":{}}]},"2":{"loc":{"start":{"line":28,"column":2},"end":{"line":28,"column":52}},"type":"if","locations":[{"start":{"line":28,"column":2},"end":{"line":28,"column":52}},{"start":{},"end":{}}]},"3":{"loc":{"start":{"line":30,"column":2},"end":{"line":30,"column":50}},"type":"if","locations":[{"start":{"line":30,"column":2},"end":{"line":30,"column":50}},{"start":{},"end":{}}]}},"s":{"0":5,"1":5,"2":5,"3":5,"4":5,"5":3,"6":5,"7":5,"8":1,"9":5,"10":5,"11":2,"12":2,"13":0,"14":2,"15":2,"16":2,"17":2,"18":5,"19":5,"20":0,"21":0,"22":0,"23":0,"24":0,"25":0,"26":0,"27":0,"28":5},"f":{"0":3,"1":1,"2":2,"3":0},"b":{"0":[5,5],"1":[0,2],"2":[0,0],"3":[0,0]}}
,"C:\\Users\\Oreak\\Documents\\fundamentals-cohort1-submissions\\Oreak22\\week-7\\backend\\src\\controllers\\order\\orders.controller.ts": {"path":"C:\\Users\\Oreak\\Documents\\fundamentals-cohort1-submissions\\Oreak22\\week-7\\backend\\src\\controllers\\order\\orders.controller.ts","statementMap":{"0":{"start":{"line":2,"column":0},"end":{"line":2,"column":44}},"1":{"start":{"line":4,"column":22},"end":{"line":17,"column":1}},"2":{"start":{"line":5,"column":2},"end":{"line":16,"column":3}},"3":{"start":{"line":6,"column":22},"end":{"line":6,"column":40}},"4":{"start":{"line":7,"column":21},"end":{"line":7,"column":43}},"5":{"start":{"line":8,"column":19},"end":{"line":8,"column":31}},"6":{"start":{"line":9,"column":4},"end":{"line":9,"column":74}},"7":{"start":{"line":9,"column":17},"end":{"line":9,"column":74}},"8":{"start":{"line":10,"column":4},"end":{"line":11,"column":69}},"9":{"start":{"line":11,"column":6},"end":{"line":11,"column":69}},"10":{"start":{"line":12,"column":18},"end":{"line":12,"column":76}},"11":{"start":{"line":13,"column":4},"end":{"line":13,"column":39}},"12":{"start":{"line":15,"column":4},"end":{"line":15,"column":58}},"13":{"start":{"line":4,"column":13},"end":{"line":4,"column":22}},"14":{"start":{"line":19,"column":27},"end":{"line":24,"column":1}},"15":{"start":{"line":20,"column":17},"end":{"line":20,"column":29}},"16":{"start":{"line":21,"column":2},"end":{"line":21,"column":72}},"17":{"start":{"line":21,"column":15},"end":{"line":21,"column":72}},"18":{"start":{"line":22,"column":17},"end":{"line":22,"column":56}},"19":{"start":{"line":23,"column":2},"end":{"line":23,"column":26}},"20":{"start":{"line":19,"column":13},"end":{"line":19,"column":27}}},"fnMap":{"0":{"name":"(anonymous_9)","decl":{"start":{"line":4,"column":22},"end":{"line":4,"column":27}},"loc":{"start":{"line":4,"column":60},"end":{"line":17,"column":1}}},"1":{"name":"(anonymous_10)","decl":{"start":{"line":19,"column":27},"end":{"line":19,"column":32}},"loc":{"start":{"line":19,"column":65},"end":{"line":24,"column":1}}}},"branchMap":{"0":{"loc":{"start":{"line":7,"column":21},"end":{"line":7,"column":43}},"type":"binary-expr","locations":[{"start":{"line":7,"column":21},"end":{"line":7,"column":38}},{"start":{"line":7,"column":42},"end":{"line":7,"column":43}}]},"1":{"loc":{"start":{"line":9,"column":4},"end":{"line":9,"column":74}},"type":"if","locations":[{"start":{"line":9,"column":4},"end":{"line":9,"column":74}},{"start":{},"end":{}}]},"2":{"loc":{"start":{"line":10,"column":4},"end":{"line":11,"column":69}},"type":"if","locations":[{"start":{"line":10,"column":4},"end":{"line":11,"column":69}},{"start":{},"end":{}}]},"3":{"loc":{"start":{"line":21,"column":2},"end":{"line":21,"column":72}},"type":"if","locations":[{"start":{"line":21,"column":2},"end":{"line":21,"column":72}},{"start":{},"end":{}}]}},"s":{"0":4,"1":4,"2":2,"3":2,"4":2,"5":2,"6":2,"7":0,"8":2,"9":0,"10":2,"11":1,"12":1,"13":4,"14":4,"15":0,"16":0,"17":0,"18":0,"19":0,"20":4},"f":{"0":2,"1":0},"b":{"0":[2,2],"1":[0,2],"2":[0,2],"3":[0,0]}}
,"C:\\Users\\Oreak\\Documents\\fundamentals-cohort1-submissions\\Oreak22\\week-7\\backend\\src\\controllers\\order\\orders.service.ts": {"path":"C:\\Users\\Oreak\\Documents\\fundamentals-cohort1-submissions\\Oreak22\\week-7\\backend\\src\\controllers\\order\\orders.service.ts","statementMap":{"0":{"start":{"line":1,"column":0},"end":{"line":1,"column":45}},"1":{"start":{"line":3,"column":27},"end":{"line":18,"column":1}},"2":{"start":{"line":12,"column":16},"end":{"line":16,"column":4}},"3":{"start":{"line":17,"column":2},"end":{"line":17,"column":15}},"4":{"start":{"line":3,"column":13},"end":{"line":3,"column":27}},"5":{"start":{"line":20,"column":33},"end":{"line":22,"column":1}},"6":{"start":{"line":21,"column":2},"end":{"line":21,"column":65}},"7":{"start":{"line":20,"column":13},"end":{"line":20,"column":33}}},"fnMap":{"0":{"name":"(anonymous_1)","decl":{"start":{"line":3,"column":27},"end":{"line":3,"column":32}},"loc":{"start":{"line":11,"column":5},"end":{"line":18,"column":1}}},"1":{"name":"(anonymous_2)","decl":{"start":{"line":20,"column":33},"end":{"line":20,"column":38}},"loc":{"start":{"line":20,"column":58},"end":{"line":22,"column":1}}}},"branchMap":{"0":{"loc":{"start":{"line":6,"column":2},"end":{"line":6,"column":14}},"type":"default-arg","locations":[{"start":{"line":6,"column":13},"end":{"line":6,"column":14}}]}},"s":{"0":5,"1":5,"2":3,"3":2,"4":5,"5":5,"6":0,"7":5},"f":{"0":3,"1":0},"b":{"0":[1]}}
,"C:\\Users\\Oreak\\Documents\\fundamentals-cohort1-submissions\\Oreak22\\week-7\\backend\\src\\controllers\\product\\products.controller.ts": {"path":"C:\\Users\\Oreak\\Documents\\fundamentals-cohort1-submissions\\Oreak22\\week-7\\backend\\src\\controllers\\product\\products.controller.ts","statementMap":{"0":{"start":{"line":2,"column":0},"end":{"line":2,"column":46}},"1":{"start":{"line":4,"column":20},"end":{"line":7,"column":1}},"2":{"start":{"line":5,"column":16},"end":{"line":5,"column":44}},"3":{"start":{"line":6,"column":2},"end":{"line":6,"column":25}},"4":{"start":{"line":4,"column":13},"end":{"line":4,"column":20}},"5":{"start":{"line":9,"column":23},"end":{"line":13,"column":1}},"6":{"start":{"line":10,"column":15},"end":{"line":10,"column":58}},"7":{"start":{"line":11,"column":2},"end":{"line":11,"column":67}},"8":{"start":{"line":11,"column":13},"end":{"line":11,"column":67}},"9":{"start":{"line":12,"column":2},"end":{"line":12,"column":24}},"10":{"start":{"line":9,"column":13},"end":{"line":9,"column":23}}},"fnMap":{"0":{"name":"(anonymous_9)","decl":{"start":{"line":4,"column":20},"end":{"line":4,"column":25}},"loc":{"start":{"line":4,"column":58},"end":{"line":7,"column":1}}},"1":{"name":"(anonymous_10)","decl":{"start":{"line":9,"column":23},"end":{"line":9,"column":28}},"loc":{"start":{"line":9,"column":61},"end":{"line":13,"column":1}}}},"branchMap":{"0":{"loc":{"start":{"line":11,"column":2},"end":{"line":11,"column":67}},"type":"if","locations":[{"start":{"line":11,"column":2},"end":{"line":11,"column":67}},{"start":{},"end":{}}]}},"s":{"0":4,"1":4,"2":2,"3":2,"4":4,"5":4,"6":0,"7":0,"8":0,"9":0,"10":4},"f":{"0":2,"1":0},"b":{"0":[0,0]}}
,"C:\\Users\\Oreak\\Documents\\fundamentals-cohort1-submissions\\Oreak22\\week-7\\backend\\src\\controllers\\product\\products.service.ts": {"path":"C:\\Users\\Oreak\\Documents\\fundamentals-cohort1-submissions\\Oreak22\\week-7\\backend\\src\\controllers\\product\\products.service.ts","statementMap":{"0":{"start":{"line":1,"column":0},"end":{"line":1,"column":63}},"1":{"start":{"line":3,"column":28},"end":{"line":5,"column":1}},"2":{"start":{"line":4,"column":2},"end":{"line":4,"column":24}},"3":{"start":{"line":3,"column":13},"end":{"line":3,"column":28}},"4":{"start":{"line":7,"column":30},"end":{"line":9,"column":1}},"5":{"start":{"line":8,"column":2},"end":{"line":8,"column":37}},"6":{"start":{"line":7,"column":13},"end":{"line":7,"column":30}}},"fnMap":{"0":{"name":"(anonymous_1)","decl":{"start":{"line":3,"column":28},"end":{"line":3,"column":33}},"loc":{"start":{"line":3,"column":60},"end":{"line":5,"column":1}}},"1":{"name":"(anonymous_2)","decl":{"start":{"line":7,"column":30},"end":{"line":7,"column":35}},"loc":{"start":{"line":7,"column":51},"end":{"line":9,"column":1}}}},"branchMap":{},"s":{"0":5,"1":5,"2":3,"3":5,"4":5,"5":0,"6":5},"f":{"0":3,"1":0},"b":{}}
,"C:\\Users\\Oreak\\Documents\\fundamentals-cohort1-submissions\\Oreak22\\week-7\\backend\\src\\middlewares\\auth.middleware.ts": {"path":"C:\\Users\\Oreak\\Documents\\fundamentals-cohort1-submissions\\Oreak22\\week-7\\backend\\src\\middlewares\\auth.middleware.ts","statementMap":{"0":{"start":{"line":2,"column":0},"end":{"line":2,"column":31}},"1":{"start":{"line":4,"column":19},"end":{"line":4,"column":58}},"2":{"start":{"line":14,"column":27},"end":{"line":39,"column":1}},"3":{"start":{"line":19,"column":17},"end":{"line":19,"column":77}},"4":{"start":{"line":20,"column":2},"end":{"line":22,"column":3}},"5":{"start":{"line":21,"column":4},"end":{"line":21,"column":61}},"6":{"start":{"line":24,"column":16},"end":{"line":24,"column":53}},"7":{"start":{"line":27,"column":2},"end":{"line":30,"column":3}},"8":{"start":{"line":28,"column":4},"end":{"line":28,"column":38}},"9":{"start":{"line":29,"column":4},"end":{"line":29,"column":18}},"10":{"start":{"line":32,"column":2},"end":{"line":38,"column":3}},"11":{"start":{"line":33,"column":20},"end":{"line":33,"column":56}},"12":{"start":{"line":34,"column":4},"end":{"line":34,"column":34}},"13":{"start":{"line":35,"column":4},"end":{"line":35,"column":18}},"14":{"start":{"line":37,"column":4},"end":{"line":37,"column":62}},"15":{"start":{"line":14,"column":13},"end":{"line":14,"column":27}}},"fnMap":{"0":{"name":"(anonymous_1)","decl":{"start":{"line":14,"column":27},"end":{"line":14,"column":null}},"loc":{"start":{"line":18,"column":4},"end":{"line":39,"column":1}}}},"branchMap":{"0":{"loc":{"start":{"line":4,"column":19},"end":{"line":4,"column":58}},"type":"binary-expr","locations":[{"start":{"line":4,"column":19},"end":{"line":4,"column":41}},{"start":{"line":4,"column":45},"end":{"line":4,"column":58}}]},"1":{"loc":{"start":{"line":19,"column":17},"end":{"line":19,"column":77}},"type":"binary-expr","locations":[{"start":{"line":19,"column":17},"end":{"line":19,"column":45}},{"start":{"line":19,"column":49},"end":{"line":19,"column":77}}]},"2":{"loc":{"start":{"line":20,"column":2},"end":{"line":22,"column":3}},"type":"if","locations":[{"start":{"line":20,"column":2},"end":{"line":22,"column":3}},{"start":{},"end":{}}]},"3":{"loc":{"start":{"line":27,"column":2},"end":{"line":30,"column":3}},"type":"if","locations":[{"start":{"line":27,"column":2},"end":{"line":30,"column":3}},{"start":{},"end":{}}]}},"s":{"0":4,"1":4,"2":4,"3":2,"4":2,"5":0,"6":2,"7":2,"8":1,"9":1,"10":1,"11":1,"12":1,"13":1,"14":0,"15":4},"f":{"0":2},"b":{"0":[4,4],"1":[2,0],"2":[0,2],"3":[1,1]}}
,"C:\\Users\\Oreak\\Documents\\fundamentals-cohort1-submissions\\Oreak22\\week-7\\backend\\src\\models\\order.model.ts": {"path":"C:\\Users\\Oreak\\Documents\\fundamentals-cohort1-submissions\\Oreak22\\week-7\\backend\\src\\models\\order.model.ts","statementMap":{"0":{"start":{"line":1,"column":0},"end":{"line":1,"column":61}},"1":{"start":{"line":10,"column":28},"end":{"line":16,"column":null}},"2":{"start":{"line":19,"column":14},"end":{"line":19,"column":58}},"3":{"start":{"line":20,"column":0},"end":{"line":20,"column":21}}},"fnMap":{},"branchMap":{},"s":{"0":5,"1":5,"2":5,"3":5},"f":{},"b":{}}
,"C:\\Users\\Oreak\\Documents\\fundamentals-cohort1-submissions\\Oreak22\\week-7\\backend\\src\\models\\product.model.ts": {"path":"C:\\Users\\Oreak\\Documents\\fundamentals-cohort1-submissions\\Oreak22\\week-7\\backend\\src\\models\\product.model.ts","statementMap":{"0":{"start":{"line":1,"column":0},"end":{"line":1,"column":54}},"1":{"start":{"line":9,"column":30},"end":{"line":14,"column":null}},"2":{"start":{"line":17,"column":16},"end":{"line":17,"column":66}},"3":{"start":{"line":18,"column":0},"end":{"line":18,"column":23}}},"fnMap":{},"branchMap":{},"s":{"0":5,"1":5,"2":5,"3":5},"f":{},"b":{}}
,"C:\\Users\\Oreak\\Documents\\fundamentals-cohort1-submissions\\Oreak22\\week-7\\backend\\src\\models\\user.model.ts": {"path":"C:\\Users\\Oreak\\Documents\\fundamentals-cohort1-submissions\\Oreak22\\week-7\\backend\\src\\models\\user.model.ts","statementMap":{"0":{"start":{"line":1,"column":0},"end":{"line":1,"column":54}},"1":{"start":{"line":9,"column":27},"end":{"line":14,"column":null}},"2":{"start":{"line":17,"column":13},"end":{"line":17,"column":54}},"3":{"start":{"line":18,"column":0},"end":{"line":18,"column":20}}},"fnMap":{},"branchMap":{},"s":{"0":5,"1":5,"2":5,"3":5},"f":{},"b":{}}
,"C:\\Users\\Oreak\\Documents\\fundamentals-cohort1-submissions\\Oreak22\\week-7\\backend\\src\\routers\\auth.routes.ts": {"path":"C:\\Users\\Oreak\\Documents\\fundamentals-cohort1-submissions\\Oreak22\\week-7\\backend\\src\\routers\\auth.routes.ts","statementMap":{"0":{"start":{"line":2,"column":0},"end":{"line":2,"column":33}},"1":{"start":{"line":3,"column":0},"end":{"line":3,"column":70}},"2":{"start":{"line":5,"column":15},"end":{"line":5,"column":23}},"3":{"start":{"line":7,"column":0},"end":{"line":7,"column":35}},"4":{"start":{"line":8,"column":0},"end":{"line":8,"column":29}},"5":{"start":{"line":10,"column":0},"end":{"line":10,"column":22}}},"fnMap":{},"branchMap":{},"s":{"0":4,"1":4,"2":4,"3":4,"4":4,"5":4},"f":{},"b":{}}
,"C:\\Users\\Oreak\\Documents\\fundamentals-cohort1-submissions\\Oreak22\\week-7\\backend\\src\\routers\\orders.routes.ts": {"path":"C:\\Users\\Oreak\\Documents\\fundamentals-cohort1-submissions\\Oreak22\\week-7\\backend\\src\\routers\\orders.routes.ts","statementMap":{"0":{"start":{"line":3,"column":0},"end":{"line":3,"column":33}},"1":{"start":{"line":4,"column":0},"end":{"line":4,"column":77}},"2":{"start":{"line":5,"column":0},"end":{"line":5,"column":61}},"3":{"start":{"line":7,"column":15},"end":{"line":7,"column":23}},"4":{"start":{"line":9,"column":0},"end":{"line":9,"column":38}},"5":{"start":{"line":10,"column":0},"end":{"line":10,"column":42}},"6":{"start":{"line":12,"column":0},"end":{"line":12,"column":22}}},"fnMap":{},"branchMap":{},"s":{"0":4,"1":4,"2":4,"3":4,"4":4,"5":4,"6":4},"f":{},"b":{}}
,"C:\\Users\\Oreak\\Documents\\fundamentals-cohort1-submissions\\Oreak22\\week-7\\backend\\src\\routers\\products.routes.ts": {"path":"C:\\Users\\Oreak\\Documents\\fundamentals-cohort1-submissions\\Oreak22\\week-7\\backend\\src\\routers\\products.routes.ts","statementMap":{"0":{"start":{"line":3,"column":0},"end":{"line":3,"column":33}},"1":{"start":{"line":4,"column":0},"end":{"line":4,"column":75}},"2":{"start":{"line":6,"column":15},"end":{"line":6,"column":23}},"3":{"start":{"line":8,"column":0},"end":{"line":8,"column":22}},"4":{"start":{"line":9,"column":0},"end":{"line":9,"column":28}},"5":{"start":{"line":11,"column":0},"end":{"line":11,"column":22}}},"fnMap":{},"branchMap":{},"s":{"0":4,"1":4,"2":4,"3":4,"4":4,"5":4},"f":{},"b":{}}
,"C:\\Users\\Oreak\\Documents\\fundamentals-cohort1-submissions\\Oreak22\\week-7\\backend\\src\\tests\\setup\\mongodb-memory-server.ts": {"path":"C:\\Users\\Oreak\\Documents\\fundamentals-cohort1-submissions\\Oreak22\\week-7\\backend\\src\\tests\\setup\\mongodb-memory-server.ts","statementMap":{"0":{"start":{"line":1,"column":0},"end":{"line":1,"column":58}},"1":{"start":{"line":2,"column":0},"end":{"line":2,"column":32}},"2":{"start":{"line":6,"column":29},"end":{"line":10,"column":1}},"3":{"start":{"line":7,"column":2},"end":{"line":7,"column":43}},"4":{"start":{"line":8,"column":14},"end":{"line":8,"column":28}},"5":{"start":{"line":9,"column":2},"end":{"line":9,"column":30}},"6":{"start":{"line":6,"column":13},"end":{"line":6,"column":29}},"7":{"start":{"line":12,"column":32},"end":{"line":16,"column":1}},"8":{"start":{"line":13,"column":2},"end":{"line":13,"column":43}},"9":{"start":{"line":14,"column":2},"end":{"line":14,"column":36}},"10":{"start":{"line":15,"column":2},"end":{"line":15,"column":21}},"11":{"start":{"line":12,"column":13},"end":{"line":12,"column":32}}},"fnMap":{"0":{"name":"(anonymous_1)","decl":{"start":{"line":6,"column":29},"end":{"line":6,"column":34}},"loc":{"start":{"line":6,"column":40},"end":{"line":10,"column":1}}},"1":{"name":"(anonymous_2)","decl":{"start":{"line":12,"column":32},"end":{"line":12,"column":37}},"loc":{"start":{"line":12,"column":43},"end":{"line":16,"column":1}}}},"branchMap":{},"s":{"0":7,"1":7,"2":7,"3":7,"4":7,"5":7,"6":7,"7":7,"8":7,"9":7,"10":7,"11":7},"f":{"0":7,"1":7},"b":{}}
}
