TN:
SF:src\app.ts
FN:15,(anonymous_1)
FNF:1
FNH:0
FNDA:0,(anonymous_1)
DA:1,4
DA:2,4
DA:3,4
DA:4,4
DA:5,4
DA:7,4
DA:8,4
DA:9,4
DA:11,4
DA:12,4
DA:13,4
DA:15,4
DA:17,4
LF:13
LH:13
BRF:0
BRH:0
end_of_record
TN:
SF:src\controllers\auth\auth.controller.ts
FN:4,(anonymous_9)
FN:16,(anonymous_10)
FNF:2
FNH:1
FNDA:2,(anonymous_9)
FNDA:0,(anonymous_10)
DA:2,4
DA:4,4
DA:5,2
DA:6,2
DA:7,2
DA:8,2
DA:12,0
DA:16,4
DA:17,0
DA:18,0
DA:19,0
DA:20,0
DA:22,0
LF:13
LH:7
BRF:0
BRH:0
end_of_record
TN:
SF:src\controllers\auth\auth.service.ts
FN:7,(anonymous_1)
FN:11,(anonymous_2)
FN:15,(anonymous_3)
FN:26,(anonymous_4)
FNF:4
FNH:3
FNDA:3,(anonymous_1)
FNDA:1,(anonymous_2)
FNDA:2,(anonymous_3)
FNDA:0,(anonymous_4)
DA:1,5
DA:2,5
DA:3,5
DA:5,5
DA:7,5
DA:8,3
DA:11,5
DA:12,1
DA:15,5
DA:16,2
DA:17,2
DA:18,2
DA:19,2
DA:20,2
DA:23,2
DA:26,5
DA:27,0
DA:28,0
DA:29,0
DA:30,0
DA:31,0
DA:34,0
LF:22
LH:16
BRDA:5,0,0,5
BRDA:5,0,1,5
BRDA:17,1,0,0
BRDA:17,1,1,2
BRDA:28,2,0,0
BRDA:28,2,1,0
BRDA:30,3,0,0
BRDA:30,3,1,0
BRF:8
BRH:3
end_of_record
TN:
SF:src\controllers\order\orders.controller.ts
FN:4,(anonymous_9)
FN:19,(anonymous_10)
FNF:2
FNH:1
FNDA:2,(anonymous_9)
FNDA:0,(anonymous_10)
DA:2,4
DA:4,4
DA:5,2
DA:6,2
DA:7,2
DA:8,2
DA:9,2
DA:10,2
DA:11,0
DA:12,2
DA:13,1
DA:15,1
DA:19,4
DA:20,0
DA:21,0
DA:22,0
DA:23,0
LF:17
LH:12
BRDA:7,0,0,2
BRDA:7,0,1,2
BRDA:9,1,0,0
BRDA:9,1,1,2
BRDA:10,2,0,0
BRDA:10,2,1,2
BRDA:21,3,0,0
BRDA:21,3,1,0
BRF:8
BRH:4
end_of_record
TN:
SF:src\controllers\order\orders.service.ts
FN:3,(anonymous_1)
FN:20,(anonymous_2)
FNF:2
FNH:1
FNDA:3,(anonymous_1)
FNDA:0,(anonymous_2)
DA:1,5
DA:3,5
DA:12,3
DA:17,2
DA:20,5
DA:21,0
LF:6
LH:5
BRDA:6,0,0,1
BRF:1
BRH:1
end_of_record
TN:
SF:src\controllers\product\products.controller.ts
FN:4,(anonymous_9)
FN:9,(anonymous_10)
FNF:2
FNH:1
FNDA:2,(anonymous_9)
FNDA:0,(anonymous_10)
DA:2,4
DA:4,4
DA:5,2
DA:6,2
DA:9,4
DA:10,0
DA:11,0
DA:12,0
LF:8
LH:5
BRDA:11,0,0,0
BRDA:11,0,1,0
BRF:2
BRH:0
end_of_record
TN:
SF:src\controllers\product\products.service.ts
FN:3,(anonymous_1)
FN:7,(anonymous_2)
FNF:2
FNH:1
FNDA:3,(anonymous_1)
FNDA:0,(anonymous_2)
DA:1,5
DA:3,5
DA:4,3
DA:7,5
DA:8,0
LF:5
LH:4
BRF:0
BRH:0
end_of_record
TN:
SF:src\middlewares\auth.middleware.ts
FN:14,(anonymous_1)
FNF:1
FNH:1
FNDA:2,(anonymous_1)
DA:2,4
DA:4,4
DA:14,4
DA:19,2
DA:20,2
DA:21,0
DA:24,2
DA:27,2
DA:28,1
DA:29,1
DA:32,1
DA:33,1
DA:34,1
DA:35,1
DA:37,0
LF:15
LH:13
BRDA:4,0,0,4
BRDA:4,0,1,4
BRDA:19,1,0,2
BRDA:19,1,1,0
BRDA:20,2,0,0
BRDA:20,2,1,2
BRDA:27,3,0,1
BRDA:27,3,1,1
BRF:8
BRH:6
end_of_record
TN:
SF:src\models\order.model.ts
FNF:0
FNH:0
DA:1,5
DA:10,5
DA:19,5
DA:20,5
LF:4
LH:4
BRF:0
BRH:0
end_of_record
TN:
SF:src\models\product.model.ts
FNF:0
FNH:0
DA:1,5
DA:9,5
DA:17,5
DA:18,5
LF:4
LH:4
BRF:0
BRH:0
end_of_record
TN:
SF:src\models\user.model.ts
FNF:0
FNH:0
DA:1,5
DA:9,5
DA:17,5
DA:18,5
LF:4
LH:4
BRF:0
BRH:0
end_of_record
TN:
SF:src\routers\auth.routes.ts
FNF:0
FNH:0
DA:2,4
DA:3,4
DA:5,4
DA:7,4
DA:8,4
DA:10,4
LF:6
LH:6
BRF:0
BRH:0
end_of_record
TN:
SF:src\routers\orders.routes.ts
FNF:0
FNH:0
DA:3,4
DA:4,4
DA:5,4
DA:7,4
DA:9,4
DA:10,4
DA:12,4
LF:7
LH:7
BRF:0
BRH:0
end_of_record
TN:
SF:src\routers\products.routes.ts
FNF:0
FNH:0
DA:3,4
DA:4,4
DA:6,4
DA:8,4
DA:9,4
DA:11,4
LF:6
LH:6
BRF:0
BRH:0
end_of_record
TN:
SF:src\tests\setup\mongodb-memory-server.ts
FN:6,(anonymous_1)
FN:12,(anonymous_2)
FNF:2
FNH:2
FNDA:7,(anonymous_1)
FNDA:7,(anonymous_2)
DA:1,7
DA:2,7
DA:6,7
DA:7,7
DA:8,7
DA:9,7
DA:12,7
DA:13,7
DA:14,7
DA:15,7
LF:10
LH:10
BRF:0
BRH:0
end_of_record
